<?xml version="1.0" encoding="UTF-8"?>
<!-- Generated by org.testng.reporters.JUnitReportReporter -->
<testsuite skipped="0" hostname="LAPTOP-2513UC9B" name="test.HomePageTestClass" tests="2" failures="0" timestamp="20 Aug 2022 06:32:00 GMT" time="47.694" errors="0">
  <testcase name="verifyLanguageCanBeSelected" time="4.340" classname="test.HomePageTestClass"/>
  <testcase name="checkForBrokenUrl" time="43.354" classname="test.HomePageTestClass"/>
</testsuite> <!-- test.HomePageTestClass -->
